<?xml version="1.0" encoding="UTF-8"?>
<testsuites name="Login" time="63" tests="1" failures="0" errors="0">
   <testsuite name="Login" tests="1" failures="0" errors="0" time="63" timestamp="2019-03-08 09:49:10" hostname="denni - DESKTOP-VUJE207" id="Test Suites/Driver Login/Login">
      <properties>
         <property name="deviceName" value="CUBOT CUBOT NOTE Plus (Android 7.0)"/>
         <property name="devicePlatform" value=""/>
         <property name="logFolder" value="C:\\Users\\denni\\git\\SafeBoda\\Reports\\Driver Login\\Login\\20190308_094906"/>
         <property name="logFiles" value="C:\\Users\\denni\\git\\SafeBoda\\Reports\\Driver Login\\Login\\20190308_094906\\appium.log, C:\\Users\\denni\\git\\SafeBoda\\Reports\\Driver Login\\Login\\20190308_094906\\execution0.log"/>
         <property name="attachments" value=""/>
         <property name="hostName" value="denni - DESKTOP-VUJE207"/>
         <property name="os" value="Windows 10 64bit"/>
         <property name="katalonVersion" value="6.0.5.4"/>
         <property name="deviceOS" value="Android"/>
         <property name="appiumVersion" value="1.8.1"/>
         <property name="deviceModel" value="CUBOT NOTE Plus"/>
         <property name="hostAddress" value="192.168.0.110"/>
         <property name="deviceManufacturer" value="CUBOT"/>
         <property name="deviceId" value="C509XXBH81110634"/>
         <property name="deviceName" value="CUBOT CUBOT NOTE Plus (Android 7.0)"/>
         <property name="deviceOSVersion" value="7.0"/>
      </properties>
      <testcase name="Test Cases/Driver Test Cases/Login/Login" classname="Test Cases/Driver Test Cases/Login/Login" status="PASSED">
         <system-out><![CDATA[2019-03-08 09:49:11 - [TEST_CASE][PASSED] - Test Cases/Driver Test Cases/Login/Login: Test Cases/Driver Test Cases/Login/Login

2019-03-08 09:49:11 - [TEST_STEP][PASSED] - startApplication("C:\Users\denni\OneDrive\Desktop\SafeBoda\app-driver.apk", false): Started app at: 'C:\Users\denni\OneDrive\Desktop\SafeBoda\app-driver.apk'

2019-03-08 09:49:17 - [MESSAGE][INFO] - Appium server started on port 51,361

2019-03-08 09:49:56 - [MESSAGE][PASSED] - Started app at: 'C:\Users\denni\OneDrive\Desktop\SafeBoda\app-driver.apk'

2019-03-08 09:49:56 - [TEST_STEP][PASSED] - tap(findTestObject("Driver App/Login Screen/Button_Continue with Google"), 2): Tapped on element 'Object Repository/Driver App/Login Screen/Button_Continue with Google'

2019-03-08 09:50:00 - [MESSAGE][PASSED] - Tapped on element 'Object Repository/Driver App/Login Screen/Button_Continue with Google'

2019-03-08 09:50:00 - [TEST_STEP][PASSED] - delay(3, STOP_ON_FAILURE): Delayed 3 second(s)

2019-03-08 09:50:04 - [MESSAGE][PASSED] - Delayed 3 second(s)

2019-03-08 09:50:04 - [TEST_STEP][PASSED] - tap(findTestObject("Driver App/Login Screen/Link-Email Account"), 2): Tapped on element 'Object Repository/Driver App/Login Screen/Link-Email Account'

2019-03-08 09:50:05 - [MESSAGE][PASSED] - Tapped on element 'Object Repository/Driver App/Login Screen/Link-Email Account'

2019-03-08 09:50:05 - [TEST_STEP][PASSED] - delay(3, STOP_ON_FAILURE): Delayed 3 second(s)

2019-03-08 09:50:08 - [MESSAGE][PASSED] - Delayed 3 second(s)

2019-03-08 09:50:08 - [TEST_STEP][PASSED] - callTestCase(findTestCase("Driver Test Cases/Login/Logout"), [:], STOP_ON_FAILURE): Call Test Case 'Test Cases/Driver Test Cases/Login/Logout' successfully

2019-03-08 09:50:08 - [TEST_CASE][PASSED] - Test Cases/Driver Test Cases/Login/Logout: Test Cases/Driver Test Cases/Login/Logout

2019-03-08 09:50:08 - [TEST_STEP][PASSED] - tap(findTestObject("Driver App/SignOut on Menu Screen/Hamburger_Menu"), 2): Tapped on element 'Object Repository/Driver App/SignOut on Menu Screen/Hamburger_Menu'

2019-03-08 09:50:10 - [MESSAGE][PASSED] - Tapped on element 'Object Repository/Driver App/SignOut on Menu Screen/Hamburger_Menu'

2019-03-08 09:50:10 - [TEST_STEP][PASSED] - tap(findTestObject("Driver App/SignOut on Menu Screen/Link_SignOut"), 3): Tapped on element 'Object Repository/Driver App/SignOut on Menu Screen/Link_SignOut'

2019-03-08 09:50:12 - [MESSAGE][PASSED] - Tapped on element 'Object Repository/Driver App/SignOut on Menu Screen/Link_SignOut'

2019-03-08 09:50:12 - [MESSAGE][PASSED] - Call Test Case 'Test Cases/Driver Test Cases/Login/Logout' successfully

2019-03-08 09:50:12 - [TEST_STEP][PASSED] - closeApplication(): Close app successfully

2019-03-08 09:50:14 - [MESSAGE][PASSED] - Close app successfully]]></system-out>
         <system-err><![CDATA[]]></system-err>
      </testcase>
      <system-out><![CDATA[2019-03-08 09:49:10 - [TEST_SUITE][PASSED] - Login: Test Cases/Driver Test Cases/Login/Login]]></system-out>
      <system-err><![CDATA[]]></system-err>
   </testsuite>
</testsuites>
