<?xml version="1.0" encoding="UTF-8"?>
<testsuites name="TS_Requesting Ride" time="93" tests="1" failures="0" errors="0">
   <testsuite name="TS_Requesting Ride" tests="1" failures="0" errors="0" time="93" timestamp="2019-03-09 11:29:27" hostname="denni - 192.168.1.3" id="Test Suites/Ride Request/TS_Requesting Ride">
      <properties>
         <property name="deviceName" value="CUBOT CUBOT NOTE Plus (Android 7.0)"/>
         <property name="devicePlatform" value=""/>
         <property name="logFolder" value="C:\\Users\\denni\\git\\SafeBoda\\Reports\\Ride Request\\TS_Requesting Ride\\20190309_112923"/>
         <property name="logFiles" value="C:\\Users\\denni\\git\\SafeBoda\\Reports\\Ride Request\\TS_Requesting Ride\\20190309_112923\\appium.log, C:\\Users\\denni\\git\\SafeBoda\\Reports\\Ride Request\\TS_Requesting Ride\\20190309_112923\\execution0.log"/>
         <property name="attachments" value=""/>
         <property name="hostName" value="denni - 192.168.1.3"/>
         <property name="os" value="Windows 10 64bit"/>
         <property name="katalonVersion" value="6.0.5.4"/>
         <property name="deviceOS" value="Android"/>
         <property name="appiumVersion" value="1.8.1"/>
         <property name="deviceModel" value="CUBOT NOTE Plus"/>
         <property name="hostAddress" value="192.168.1.3"/>
         <property name="deviceManufacturer" value="CUBOT"/>
         <property name="deviceId" value="C509XXBH81110634"/>
         <property name="deviceName" value="CUBOT CUBOT NOTE Plus (Android 7.0)"/>
         <property name="deviceOSVersion" value="7.0"/>
      </properties>
      <testcase name="Test Cases/Passenger Test Cases/Request Ride/TC_Request Ride" classname="Test Cases/Passenger Test Cases/Request Ride/TC_Request Ride" status="PASSED">
         <system-out><![CDATA[2019-03-09 11:29:27 - [TEST_CASE][PASSED] - Test Cases/Passenger Test Cases/Request Ride/TC_Request Ride: Test Cases/Passenger Test Cases/Request Ride/TC_Request Ride

2019-03-09 11:29:28 - [TEST_STEP][PASSED] - startApplication(passengerAppLocation, false): Started app at: 'C:\Users\denni\OneDrive\Desktop\SafeBoda\app-passenger.apk'

2019-03-09 11:29:34 - [MESSAGE][INFO] - Appium server started on port 57,356

2019-03-09 11:30:17 - [MESSAGE][PASSED] - Started app at: 'C:\Users\denni\OneDrive\Desktop\SafeBoda\app-passenger.apk'

2019-03-09 11:30:17 - [TEST_STEP][PASSED] - tap(findTestObject("Passenger App/Request Ride Screen/input_Location"), 0): Tapped on element 'Object Repository/Passenger App/Request Ride Screen/input_Location'

2019-03-09 11:30:17 - [MESSAGE][WARNING] - Timeout '0' is invalid. Using default page load timeout: '30'

2019-03-09 11:30:28 - [MESSAGE][PASSED] - Tapped on element 'Object Repository/Passenger App/Request Ride Screen/input_Location'

2019-03-09 11:30:28 - [TEST_STEP][PASSED] - tap(findTestObject("Passenger App/Request Ride Screen/input_Location"), 0): Tapped on element 'Object Repository/Passenger App/Request Ride Screen/input_Location'

2019-03-09 11:30:28 - [MESSAGE][WARNING] - Timeout '0' is invalid. Using default page load timeout: '30'

2019-03-09 11:30:32 - [MESSAGE][PASSED] - Tapped on element 'Object Repository/Passenger App/Request Ride Screen/input_Location'

2019-03-09 11:30:32 - [TEST_STEP][PASSED] - sendKeys(findTestObject("Passenger App/Request Ride Screen/input_Location"), destinationLocation): Send keys 'Sheraton Kampala Hotel' on test object 'Object Repository/Passenger App/Request Ride Screen/input_Location' successfully.

2019-03-09 11:30:34 - [MESSAGE][PASSED] - Send keys 'Sheraton Kampala Hotel' on test object 'Object Repository/Passenger App/Request Ride Screen/input_Location' successfully.

2019-03-09 11:30:34 - [TEST_STEP][PASSED] - tap(findTestObject("Passenger App/Request Ride Screen/dropdown_Pick upDestination Location"), 0): Tapped on element 'Object Repository/Passenger App/Request Ride Screen/dropdown_Pick upDestination Location'

2019-03-09 11:30:34 - [MESSAGE][WARNING] - Timeout '0' is invalid. Using default page load timeout: '30'

2019-03-09 11:30:37 - [MESSAGE][PASSED] - Tapped on element 'Object Repository/Passenger App/Request Ride Screen/dropdown_Pick upDestination Location'

2019-03-09 11:30:37 - [TEST_STEP][PASSED] - tap(findTestObject("Passenger App/Request Ride Screen/icon_Search Pick Up"), 0): Tapped on element 'Object Repository/Passenger App/Request Ride Screen/icon_Search Pick Up'

2019-03-09 11:30:37 - [MESSAGE][WARNING] - Timeout '0' is invalid. Using default page load timeout: '30'

2019-03-09 11:30:42 - [MESSAGE][PASSED] - Tapped on element 'Object Repository/Passenger App/Request Ride Screen/icon_Search Pick Up'

2019-03-09 11:30:42 - [TEST_STEP][PASSED] - tap(findTestObject("Passenger App/Request Ride Screen/input_Location"), 0): Tapped on element 'Object Repository/Passenger App/Request Ride Screen/input_Location'

2019-03-09 11:30:42 - [MESSAGE][WARNING] - Timeout '0' is invalid. Using default page load timeout: '30'

2019-03-09 11:30:44 - [MESSAGE][PASSED] - Tapped on element 'Object Repository/Passenger App/Request Ride Screen/input_Location'

2019-03-09 11:30:44 - [TEST_STEP][PASSED] - tap(findTestObject("Passenger App/Request Ride Screen/input_Location"), 0): Tapped on element 'Object Repository/Passenger App/Request Ride Screen/input_Location'

2019-03-09 11:30:44 - [MESSAGE][WARNING] - Timeout '0' is invalid. Using default page load timeout: '30'

2019-03-09 11:30:45 - [MESSAGE][PASSED] - Tapped on element 'Object Repository/Passenger App/Request Ride Screen/input_Location'

2019-03-09 11:30:45 - [TEST_STEP][PASSED] - sendKeys(findTestObject("Passenger App/Request Ride Screen/input_Location"), pickUpLocation): Send keys 'kama inn' on test object 'Object Repository/Passenger App/Request Ride Screen/input_Location' successfully.

2019-03-09 11:30:47 - [MESSAGE][PASSED] - Send keys 'kama inn' on test object 'Object Repository/Passenger App/Request Ride Screen/input_Location' successfully.

2019-03-09 11:30:47 - [TEST_STEP][PASSED] - tap(findTestObject("Passenger App/Request Ride Screen/dropdown_Pick upDestination Location"), 0): Tapped on element 'Object Repository/Passenger App/Request Ride Screen/dropdown_Pick upDestination Location'

2019-03-09 11:30:47 - [MESSAGE][WARNING] - Timeout '0' is invalid. Using default page load timeout: '30'

2019-03-09 11:30:51 - [MESSAGE][PASSED] - Tapped on element 'Object Repository/Passenger App/Request Ride Screen/dropdown_Pick upDestination Location'

2019-03-09 11:30:51 - [TEST_STEP][PASSED] - tap(findTestObject("Passenger App/Request Ride Screen/RadioButton_Cash"), 0): Tapped on element 'Object Repository/Passenger App/Request Ride Screen/RadioButton_Cash'

2019-03-09 11:30:51 - [MESSAGE][WARNING] - Timeout '0' is invalid. Using default page load timeout: '30'

2019-03-09 11:30:52 - [MESSAGE][PASSED] - Tapped on element 'Object Repository/Passenger App/Request Ride Screen/RadioButton_Cash'

2019-03-09 11:30:52 - [TEST_STEP][PASSED] - tap(findTestObject("Passenger App/Request Ride Screen/Button_Request"), 0): Tapped on element 'Object Repository/Passenger App/Request Ride Screen/Button_Request'

2019-03-09 11:30:52 - [MESSAGE][WARNING] - Timeout '0' is invalid. Using default page load timeout: '30'

2019-03-09 11:30:56 - [MESSAGE][PASSED] - Tapped on element 'Object Repository/Passenger App/Request Ride Screen/Button_Request'

2019-03-09 11:30:56 - [TEST_STEP][PASSED] - delay(3, STOP_ON_FAILURE): Delayed 3 second(s)

2019-03-09 11:30:59 - [MESSAGE][PASSED] - Delayed 3 second(s)

2019-03-09 11:30:59 - [TEST_STEP][PASSED] - closeApplication(): Close app successfully

2019-03-09 11:31:01 - [MESSAGE][PASSED] - Close app successfully]]></system-out>
         <system-err><![CDATA[]]></system-err>
      </testcase>
      <system-out><![CDATA[2019-03-09 11:29:27 - [TEST_SUITE][PASSED] - TS_Requesting Ride: Test Cases/Passenger Test Cases/Request Ride/TC_Request Ride]]></system-out>
      <system-err><![CDATA[]]></system-err>
   </testsuite>
</testsuites>
