<?xml version="1.0" encoding="UTF-8"?>
<testsuites name="TS_Requesting Ride" time="82" tests="1" failures="0" errors="0">
   <testsuite name="TS_Requesting Ride" tests="1" failures="0" errors="0" time="82" timestamp="2019-03-09 11:44:53" hostname="denni - 192.168.1.3" id="Test Suites/Ride Request/TS_Requesting Ride">
      <properties>
         <property name="deviceName" value="CUBOT CUBOT NOTE Plus (Android 7.0)"/>
         <property name="devicePlatform" value=""/>
         <property name="logFolder" value="C:\\Users\\denni\\git\\SafeBoda\\Reports\\Ride Request\\TS_Requesting Ride\\20190309_114448"/>
         <property name="logFiles" value="C:\\Users\\denni\\git\\SafeBoda\\Reports\\Ride Request\\TS_Requesting Ride\\20190309_114448\\appium.log, C:\\Users\\denni\\git\\SafeBoda\\Reports\\Ride Request\\TS_Requesting Ride\\20190309_114448\\execution0.log"/>
         <property name="attachments" value=""/>
         <property name="hostName" value="denni - 192.168.1.3"/>
         <property name="os" value="Windows 10 64bit"/>
         <property name="katalonVersion" value="6.0.5.4"/>
         <property name="deviceOS" value="Android"/>
         <property name="appiumVersion" value="1.8.1"/>
         <property name="deviceModel" value="CUBOT NOTE Plus"/>
         <property name="hostAddress" value="192.168.1.3"/>
         <property name="deviceManufacturer" value="CUBOT"/>
         <property name="deviceId" value="C509XXBH81110634"/>
         <property name="deviceName" value="CUBOT CUBOT NOTE Plus (Android 7.0)"/>
         <property name="deviceOSVersion" value="7.0"/>
      </properties>
      <testcase name="Test Cases/Passenger Test Cases/Request Ride/TC_Request Ride" classname="Test Cases/Passenger Test Cases/Request Ride/TC_Request Ride" status="PASSED">
         <system-out><![CDATA[2019-03-09 11:44:54 - [TEST_CASE][PASSED] - Test Cases/Passenger Test Cases/Request Ride/TC_Request Ride: Test Cases/Passenger Test Cases/Request Ride/TC_Request Ride

2019-03-09 11:44:55 - [TEST_STEP][PASSED] - startApplication(passengerAppLocation, false): Started app at: 'C:\Users\denni\OneDrive\Desktop\SafeBoda\app-passenger.apk'

2019-03-09 11:45:00 - [MESSAGE][INFO] - Appium server started on port 59,047

2019-03-09 11:45:39 - [MESSAGE][PASSED] - Started app at: 'C:\Users\denni\OneDrive\Desktop\SafeBoda\app-passenger.apk'

2019-03-09 11:45:39 - [TEST_STEP][PASSED] - tap(findTestObject("Passenger App/Request Ride Screen/input_Location"), 0): Tapped on element 'Object Repository/Passenger App/Request Ride Screen/input_Location'

2019-03-09 11:45:39 - [MESSAGE][WARNING] - Timeout '0' is invalid. Using default page load timeout: '30'

2019-03-09 11:45:44 - [MESSAGE][PASSED] - Tapped on element 'Object Repository/Passenger App/Request Ride Screen/input_Location'

2019-03-09 11:45:44 - [TEST_STEP][PASSED] - tap(findTestObject("Passenger App/Request Ride Screen/input_Location"), 0): Tapped on element 'Object Repository/Passenger App/Request Ride Screen/input_Location'

2019-03-09 11:45:44 - [MESSAGE][WARNING] - Timeout '0' is invalid. Using default page load timeout: '30'

2019-03-09 11:45:48 - [MESSAGE][PASSED] - Tapped on element 'Object Repository/Passenger App/Request Ride Screen/input_Location'

2019-03-09 11:45:48 - [TEST_STEP][PASSED] - sendKeys(findTestObject("Passenger App/Request Ride Screen/input_Location"), destinationLocation): Send keys 'Sheraton Kampala Hotel' on test object 'Object Repository/Passenger App/Request Ride Screen/input_Location' successfully.

2019-03-09 11:45:50 - [MESSAGE][PASSED] - Send keys 'Sheraton Kampala Hotel' on test object 'Object Repository/Passenger App/Request Ride Screen/input_Location' successfully.

2019-03-09 11:45:50 - [TEST_STEP][PASSED] - tap(findTestObject("Passenger App/Request Ride Screen/dropdown_Pick upDestination Location"), 0): Tapped on element 'Object Repository/Passenger App/Request Ride Screen/dropdown_Pick upDestination Location'

2019-03-09 11:45:50 - [MESSAGE][WARNING] - Timeout '0' is invalid. Using default page load timeout: '30'

2019-03-09 11:45:54 - [MESSAGE][PASSED] - Tapped on element 'Object Repository/Passenger App/Request Ride Screen/dropdown_Pick upDestination Location'

2019-03-09 11:45:54 - [TEST_STEP][PASSED] - tap(findTestObject("Passenger App/Request Ride Screen/icon_Search Pick Up"), 0): Tapped on element 'Object Repository/Passenger App/Request Ride Screen/icon_Search Pick Up'

2019-03-09 11:45:54 - [MESSAGE][WARNING] - Timeout '0' is invalid. Using default page load timeout: '30'

2019-03-09 11:45:57 - [MESSAGE][PASSED] - Tapped on element 'Object Repository/Passenger App/Request Ride Screen/icon_Search Pick Up'

2019-03-09 11:45:57 - [TEST_STEP][PASSED] - tap(findTestObject("Passenger App/Request Ride Screen/input_Location"), 0): Tapped on element 'Object Repository/Passenger App/Request Ride Screen/input_Location'

2019-03-09 11:45:57 - [MESSAGE][WARNING] - Timeout '0' is invalid. Using default page load timeout: '30'

2019-03-09 11:45:59 - [MESSAGE][PASSED] - Tapped on element 'Object Repository/Passenger App/Request Ride Screen/input_Location'

2019-03-09 11:45:59 - [TEST_STEP][PASSED] - tap(findTestObject("Passenger App/Request Ride Screen/input_Location"), 0): Tapped on element 'Object Repository/Passenger App/Request Ride Screen/input_Location'

2019-03-09 11:45:59 - [MESSAGE][WARNING] - Timeout '0' is invalid. Using default page load timeout: '30'

2019-03-09 11:46:00 - [MESSAGE][PASSED] - Tapped on element 'Object Repository/Passenger App/Request Ride Screen/input_Location'

2019-03-09 11:46:00 - [TEST_STEP][PASSED] - sendKeys(findTestObject("Passenger App/Request Ride Screen/input_Location"), pickUpLocation): Send keys 'kama inn' on test object 'Object Repository/Passenger App/Request Ride Screen/input_Location' successfully.

2019-03-09 11:46:02 - [MESSAGE][PASSED] - Send keys 'kama inn' on test object 'Object Repository/Passenger App/Request Ride Screen/input_Location' successfully.

2019-03-09 11:46:02 - [TEST_STEP][PASSED] - tap(findTestObject("Passenger App/Request Ride Screen/dropdown_Pick upDestination Location"), 0): Tapped on element 'Object Repository/Passenger App/Request Ride Screen/dropdown_Pick upDestination Location'

2019-03-09 11:46:02 - [MESSAGE][WARNING] - Timeout '0' is invalid. Using default page load timeout: '30'

2019-03-09 11:46:05 - [MESSAGE][PASSED] - Tapped on element 'Object Repository/Passenger App/Request Ride Screen/dropdown_Pick upDestination Location'

2019-03-09 11:46:05 - [TEST_STEP][PASSED] - tap(findTestObject("Passenger App/Request Ride Screen/RadioButton_Cash"), 0): Tapped on element 'Object Repository/Passenger App/Request Ride Screen/RadioButton_Cash'

2019-03-09 11:46:05 - [MESSAGE][WARNING] - Timeout '0' is invalid. Using default page load timeout: '30'

2019-03-09 11:46:07 - [MESSAGE][PASSED] - Tapped on element 'Object Repository/Passenger App/Request Ride Screen/RadioButton_Cash'

2019-03-09 11:46:07 - [TEST_STEP][PASSED] - tap(findTestObject("Passenger App/Request Ride Screen/Button_Request"), 0): Tapped on element 'Object Repository/Passenger App/Request Ride Screen/Button_Request'

2019-03-09 11:46:07 - [MESSAGE][WARNING] - Timeout '0' is invalid. Using default page load timeout: '30'

2019-03-09 11:46:09 - [MESSAGE][PASSED] - Tapped on element 'Object Repository/Passenger App/Request Ride Screen/Button_Request'

2019-03-09 11:46:09 - [TEST_STEP][PASSED] - delay(3, STOP_ON_FAILURE): Delayed 3 second(s)

2019-03-09 11:46:12 - [MESSAGE][PASSED] - Delayed 3 second(s)

2019-03-09 11:46:12 - [TEST_STEP][PASSED] - tap(findTestObject("Passenger App/Request Ride Screen/Close_Pick up Screen"), 2): Tapped on element 'Object Repository/Passenger App/Request Ride Screen/Close_Pick up Screen'

2019-03-09 11:46:14 - [MESSAGE][PASSED] - Tapped on element 'Object Repository/Passenger App/Request Ride Screen/Close_Pick up Screen'

2019-03-09 11:46:14 - [TEST_STEP][PASSED] - closeApplication(): Close app successfully

2019-03-09 11:46:15 - [MESSAGE][PASSED] - Close app successfully]]></system-out>
         <system-err><![CDATA[]]></system-err>
      </testcase>
      <system-out><![CDATA[2019-03-09 11:44:53 - [TEST_SUITE][PASSED] - TS_Requesting Ride: Test Cases/Passenger Test Cases/Request Ride/TC_Request Ride]]></system-out>
      <system-err><![CDATA[]]></system-err>
   </testsuite>
</testsuites>
